#                                                                    --- full sequence ---- --- best 1 domain ---- --- domain number estimation ----
# target name             accession  query name           accession    E-value  score  bias   E-value  score  bias   exp reg clu  ov env dom rep inc description of target
#     ------------------- ---------- -------------------- ---------- --------- ------ ----- --------- ------ -----   --- --- --- --- --- --- --- --- ---------------------
sp|Q868Z9|PPN_DROME       -          pdb_uppercase        -           1.5e-196  632.8 182.2   8.6e-20   66.7   6.1  14.1  13   1   1  14  14  12  12 Papilin OS=Drosophila melanogaster OX=7227 GN=Ppn PE=1 SV=2
sp|A0A6P8HC43|ATPI1_ACTTE -          pdb_uppercase        -            7.6e-96  310.3  65.6   2.2e-26   87.8   8.6   4.1   4   0   0   4   4   4   4 Actinia tenebrosa protease inhibitors OS=Actinia tenebrosa OX=6105 PE=1 SV=1
sp|O54819|TFPI1_MOUSE     -          pdb_uppercase        -            7.4e-70  227.0  38.8   9.2e-26   85.8   5.5   3.1   3   0   0   3   3   3   3 Tissue factor pathway inhibitor OS=Mus musculus OX=10090 GN=Tfpi PE=2 SV=1
sp|P19761|TFPI1_RABIT     -          pdb_uppercase        -              3e-68  221.9  37.9   4.5e-26   86.8   5.9   3.2   3   0   0   3   3   3   3 Tissue factor pathway inhibitor OS=Oryctolagus cuniculus OX=9986 GN=TFPI PE=2 SV=2
sp|O35536|TFPI2_MOUSE     -          pdb_uppercase        -              9e-49  159.5  25.4   1.1e-23   79.1   3.3   3.1   3   0   0   3   3   3   3 Tissue factor pathway inhibitor 2 OS=Mus musculus OX=10090 GN=Tfpi2 PE=2 SV=1
sp|Q6T269|VKT3_BITGA      -          pdb_uppercase        -            7.2e-47  153.4  27.5     5e-24   80.3   9.6   3.0   1   1   2   3   3   3   2 Kunitz-type serine protease inhibitor bitisilin-3 (Fragment) OS=Bitis gabonica OX=8694 PE=2 SV=1
sp|Q8WPI3|KUNIG_RHIMP     -          pdb_uppercase        -            4.5e-46  150.9  22.6   6.7e-26   86.3   7.7   2.1   2   0   0   2   2   2   2 Boophilin-G2 OS=Rhipicephalus microplus OX=6941 PE=1 SV=1
sp|B6ZIW0|KUN_HAELO       -          pdb_uppercase        -            9.9e-46  149.8  28.6   1.1e-26   88.8   8.1   2.1   2   0   0   2   2   2   2 Thrombin inhibitor hemalin OS=Haemaphysalis longicornis OX=44386 PE=2 SV=1
sp|C0HMC7|KUN_HAEDO       -          pdb_uppercase        -            5.9e-45  147.3  25.8   6.7e-27   89.5   7.6   2.1   2   0   0   2   2   2   2 Doenitin-1 OS=Haemaphysalis doenitzi OX=1048531 PE=2 SV=1
sp|P04365|IATR_HORSE      -          pdb_uppercase        -            7.8e-43  140.5  19.6     3e-22   74.6   5.9   2.0   1   1   1   2   2   2   2 Inter-alpha-trypsin inhibitor (Fragment) OS=Equus caballus OX=9796 PE=1 SV=2
sp|Q60559|AMBP_MESAU      -          pdb_uppercase        -            8.9e-40  130.7  21.7   5.5e-21   70.5   6.2   2.3   1   1   1   2   2   2   2 Protein AMBP OS=Mesocricetus auratus OX=10036 GN=AMBP PE=1 SV=1
sp|P62757|IATR_SHEEP      -          pdb_uppercase        -            1.4e-39  130.1  23.2   2.3e-21   71.7   5.5   2.0   1   1   1   2   2   2   2 Inter-alpha-trypsin inhibitor (Fragment) OS=Ovis aries OX=9940 PE=1 SV=1
sp|Q08E66|WFKN2_BOVIN     -          pdb_uppercase        -            6.2e-39  128.0  14.7   1.6e-24   81.8   3.3   3.0   2   0   0   2   2   2   2 WAP, Kazal, immunoglobulin, Kunitz and NTR domain-containing protein 2 OS=Bos taurus OX=9913 GN=WFIKKN2 PE=2 SV=1
sp|Q07456|AMBP_MOUSE      -          pdb_uppercase        -              2e-38  126.4  22.8   7.5e-21   70.1   7.1   2.4   1   1   1   2   2   2   2 Protein AMBP OS=Mus musculus OX=10090 GN=Ambp PE=1 SV=2
sp|Q90WA0|VKT2_PSETT      -          pdb_uppercase        -              5e-29   96.3   3.1   5.7e-29   96.1   3.1   1.0   1   0   0   1   1   1   1 Kunitz-type serine protease inhibitor textilinin-2 OS=Pseudonaja textilis textilis OX=169397 PE=1 SV=1
sp|P0DMJ6|VKT12_DENAN     -          pdb_uppercase        -            2.1e-28   94.3   6.1   2.2e-28   94.2   6.1   1.0   1   0   0   1   1   1   1 Kunitz-type serine protease inhibitor dendrotoxin DaE1 OS=Dendroaspis angusticeps OX=8618 PE=1 SV=1
sp|Q7LZS8|VKTRE_DENAN     -          pdb_uppercase        -            2.1e-28   94.3   6.1   2.2e-28   94.2   6.1   1.0   1   0   0   1   1   1   1 Kunitz-type serine protease inhibitor long epsilon-dendrotoxin Arg55 OS=Dendroaspis angusticeps OX=8618 PE=1 SV=1
sp|Q96NZ8|WFKN1_HUMAN     -          pdb_uppercase        -            3.1e-28   93.7   3.8     1e-20   69.6   0.5   2.8   2   0   0   2   2   2   2 WAP, Kazal, immunoglobulin, Kunitz and NTR domain-containing protein 1 OS=Homo sapiens OX=9606 GN=WFIKKN1 PE=1 SV=1
sp|Q6T6T5|VKT1_BITGA      -          pdb_uppercase        -            3.5e-28   93.6   8.7     4e-28   93.4   8.7   1.1   1   0   0   1   1   1   1 Kunitz-type serine protease inhibitor bitisilin-1 OS=Bitis gabonica OX=8694 PE=1 SV=1
sp|P00984|VKTE_DENPO      -          pdb_uppercase        -            5.1e-28   93.0   5.9   5.4e-28   93.0   5.9   1.0   1   0   0   1   1   1   1 Kunitz-type serine protease inhibitor dendrotoxin E OS=Dendroaspis polylepis polylepis OX=8620 PE=1 SV=1
sp|Q7LZE3|VKTHE_DENAN     -          pdb_uppercase        -            5.1e-28   93.0   5.9   5.4e-28   93.0   5.9   1.0   1   0   0   1   1   1   1 Kunitz-type serine protease inhibitor long epsilon-dendrotoxin His55 OS=Dendroaspis angusticeps OX=8618 PE=1 SV=2
sp|B5KL39|VKT2_AUSSU      -          pdb_uppercase        -            6.1e-28   92.8   5.1     7e-28   92.6   5.1   1.0   1   0   0   1   1   1   1 Kunitz-type serine protease inhibitor superbin-2 OS=Austrelaps superbus OX=29156 PE=2 SV=1
sp|P0DMW6|VKT3A_ACTEQ     -          pdb_uppercase        -            6.3e-28   92.7  10.1   6.7e-28   92.7  10.1   1.0   1   0   0   1   1   1   1 PI-actitoxin-Aeq3a OS=Actinia equina OX=6106 PE=1 SV=1
sp|B7S4N9|VKT_OXYSC       -          pdb_uppercase        -            9.2e-28   92.2   5.2   1.1e-27   92.0   5.2   1.0   1   0   0   1   1   1   1 Kunitz-type serine protease inhibitor taicotoxin OS=Oxyuranus scutellatus scutellatus OX=8667 PE=1 SV=1
sp|P00985|VKT2_HEMHA      -          pdb_uppercase        -            9.2e-28   92.2   4.1   9.9e-28   92.1   4.1   1.0   1   0   0   1   1   1   1 Kunitz-type serine protease inhibitor 2 OS=Hemachatus haemachatus OX=8626 PE=1 SV=1
sp|C0HK74|3CPI_HETMG      -          pdb_uppercase        -            9.4e-28   92.2   4.3   9.9e-28   92.1   4.3   1.0   1   0   0   1   1   1   1 PI-stichotoxin-Hmg3c OS=Heteractis magnifica OX=38281 PE=1 SV=1
sp|P36992|AMBP_PLEPL      -          pdb_uppercase        -            1.2e-27   91.9  16.2   6.1e-19   64.0   6.7   2.3   1   1   1   2   2   2   2 Protein AMBP (Fragment) OS=Pleuronectes platessa OX=8262 PE=2 SV=1
sp|B5L5R0|IVBI4_PSEPO     -          pdb_uppercase        -            1.4e-27   91.6   6.7   1.6e-27   91.5   6.7   1.0   1   0   0   1   1   1   1 Blackelin-4 OS=Pseudechis porphyriacus OX=8671 PE=3 SV=1
sp|B5KF96|VKT2_CRYNI      -          pdb_uppercase        -            1.9e-27   91.2   6.2   2.1e-27   91.1   6.2   1.0   1   0   0   1   1   1   1 Kunitz-type serine protease inhibitor nigrescinin-2 OS=Cryptophis nigrescens OX=292442 PE=2 SV=1
sp|B6RLX2|VKTCT_OPHHA     -          pdb_uppercase        -            2.9e-27   90.6   6.8   3.3e-27   90.4   6.8   1.0   1   0   0   1   1   1   1 Kunitz-type serine protease inhibitor TCI OS=Ophiophagus hannah OX=8665 PE=1 SV=1
sp|Q90W99|VKT3_PSETT      -          pdb_uppercase        -            3.2e-27   90.5   7.9   3.6e-27   90.3   7.9   1.0   1   0   0   1   1   1   1 Kunitz-type serine protease inhibitor textilinin-3 OS=Pseudonaja textilis textilis OX=169397 PE=2 SV=1
sp|B5KF95|VKT1_CRYNI      -          pdb_uppercase        -            3.4e-27   90.4   7.5   3.8e-27   90.2   7.5   1.0   1   0   0   1   1   1   1 Kunitz-type serine protease inhibitor nigrescinin-1 OS=Cryptophis nigrescens OX=292442 PE=2 SV=1
sp|C0HLA7|MAMB4_DENVI     -          pdb_uppercase        -            3.5e-27   90.4   9.1   3.7e-27   90.3   9.1   1.0   1   0   0   1   1   1   1 Mambaquaretin-4 OS=Dendroaspis viridis OX=8621 PE=1 SV=1
sp|P00991|VKT1_VIPAA      -          pdb_uppercase        -            4.7e-27   89.9   8.0   5.4e-27   89.7   8.0   1.1   1   0   0   1   1   1   1 Kunitz-type serine protease inhibitor 1 OS=Vipera ammodytes ammodytes OX=8705 PE=1 SV=2
sp|C1IC50|VKT1_WALAE      -          pdb_uppercase        -            4.9e-27   89.9   5.4   5.5e-27   89.7   5.4   1.0   1   0   0   1   1   1   1 Protease inhibitor 1 OS=Walterinnesia aegyptia OX=64182 PE=1 SV=1
sp|B5KL40|VKT3_AUSSU      -          pdb_uppercase        -            5.1e-27   89.8   7.3   5.8e-27   89.7   7.3   1.0   1   0   0   1   1   1   1 Kunitz-type serine protease inhibitor superbin-3 OS=Austrelaps superbus OX=29156 PE=2 SV=1
sp|P0DN09|VKT5_ANEVI      -          pdb_uppercase        -            5.9e-27   89.6   6.8   7.3e-27   89.3   6.8   1.1   1   0   0   1   1   1   1 U-actitoxin-Avd3h OS=Anemonia viridis OX=51769 PE=3 SV=1
sp|B5L5M7|IVBI_AUSSU      -          pdb_uppercase        -            6.2e-27   89.6   9.2   7.1e-27   89.4   9.2   1.0   1   0   0   1   1   1   1 Kunitz/BPTI-like toxin OS=Austrelaps superbus OX=29156 PE=3 SV=1
sp|C0HLA6|MAMB3_DENPO     -          pdb_uppercase        -            6.6e-27   89.5  10.0     7e-27   89.4  10.0   1.0   1   0   0   1   1   1   1 Mambaquaretin-3 OS=Dendroaspis polylepis polylepis OX=8620 PE=1 SV=1
sp|P0DV03|VKT2M_RADCR     -          pdb_uppercase        -            7.2e-27   89.3   3.7   7.6e-27   89.3   3.7   1.0   1   0   0   1   1   1   1 PI-stichotoxin-Hcr2m OS=Radianthus crispa OX=3122430 PE=3 SV=1
sp|P29216|A4_MACMU        -          pdb_uppercase        -            7.2e-27   89.3   6.3   8.4e-27   89.1   6.3   1.1   1   0   0   1   1   1   1 Amyloid-beta precursor protein (Fragment) OS=Macaca mulatta OX=9544 GN=APP PE=2 SV=1
sp|B5KL35|VKT4_CRYNI      -          pdb_uppercase        -              1e-26   88.9   6.4   1.1e-26   88.7   6.4   1.0   1   0   0   1   1   1   1 Kunitz-type serine protease inhibitor nigrescinin-4 OS=Cryptophis nigrescens OX=292442 PE=2 SV=1
sp|P86862|VKT1_ANTEL      -          pdb_uppercase        -            1.2e-26   88.6   8.8   1.3e-26   88.5   8.8   1.0   1   0   0   1   1   1   1 KappaPI-actitoxin-Ael3a OS=Anthopleura elegantissima OX=6110 PE=1 SV=1
sp|C0HJF3|VKT2D_RADCR     -          pdb_uppercase        -            1.4e-26   88.4   5.7   1.5e-26   88.4   5.7   1.0   1   0   0   1   1   1   1 TauPI-stichotoxin-Hcr2d OS=Radianthus crispa OX=3122430 PE=1 SV=1
sp|P00981|VKTHK_DENPO     -          pdb_uppercase        -            1.5e-26   88.3   4.8   1.8e-26   88.1   4.8   1.0   1   0   0   1   1   1   1 Kunitz-type serine protease inhibitor homolog dendrotoxin K (Fragment) OS=Dendroaspis polylepis polylepis OX=8620 PE=1 SV=2
sp|A8Y7N9|VKTC6_DABSI     -          pdb_uppercase        -            1.6e-26   88.2   8.9   1.9e-26   88.0   8.9   1.1   1   0   0   1   1   1   1 Kunitz-type serine protease inhibitor C6 OS=Daboia siamensis OX=343250 PE=2 SV=1
sp|A0A6B7FA07|VKT2J_RADCR -          pdb_uppercase        -            1.9e-26   88.0   6.8   1.9e-26   88.0   6.8   1.7   1   1   1   2   2   1   1 PI-stichotoxin-Hcr2j (Fragment) OS=Radianthus crispa OX=3122430 GN=iq4c7 PE=1 SV=1
sp|Q9TWF9|VKT2_ANESU      -          pdb_uppercase        -              2e-26   87.9   6.3   2.3e-26   87.7   6.3   1.0   1   0   0   1   1   1   1 KappaPI-actitoxin-Avd3c OS=Anemonia sulcata OX=6108 PE=1 SV=1
sp|B5L5R4|IVBI4_NOTSC     -          pdb_uppercase        -            2.3e-26   87.8   4.6   2.6e-26   87.6   4.6   1.0   1   0   0   1   1   1   1 Tigerin-4 OS=Notechis scutatus scutatus OX=70142 PE=3 SV=1
sp|Q8T3S7|VKT1_ARAVE      -          pdb_uppercase        -            2.5e-26   87.6   6.0     3e-26   87.4   6.0   1.1   1   0   0   1   1   1   1 Kunitz-type U1-aranetoxin-Av1a OS=Araneus ventricosus OX=182803 PE=3 SV=1
sp|A6MFL4|VKT4_DEMVE      -          pdb_uppercase        -            2.5e-26   87.6   7.5   2.8e-26   87.5   7.5   1.0   1   0   0   1   1   1   1 Kunitz-type serine protease inhibitor vestiginin-4 OS=Demansia vestigiata OX=412038 PE=2 SV=1
sp|F8J2F4|VKT16_DRYCN     -          pdb_uppercase        -            2.6e-26   87.6   6.4     3e-26   87.4   6.4   1.0   1   0   0   1   1   1   1 Kunitz-type serine protease inhibitor 161 OS=Drysdalia coronoides OX=66186 PE=1 SV=1
sp|A0A6B7FEJ3|VKT2K_RADCR -          pdb_uppercase        -            2.7e-26   87.5   6.9   2.7e-26   87.5   6.9   1.7   1   1   1   2   2   1   1 PI-stichotoxin-Hcr2k (Fragment) OS=Radianthus crispa OX=3122430 GN=iq1c9 PE=1 SV=1
sp|Q9TWF8|VKT3_ANESU      -          pdb_uppercase        -            2.8e-26   87.5   6.7   3.1e-26   87.3   6.7   1.0   1   0   0   1   1   1   1 KappaPI-actitoxin-Avd3d OS=Anemonia sulcata OX=6108 PE=1 SV=1
sp|Q6ITB3|VKT1_NOTSC      -          pdb_uppercase        -            2.9e-26   87.4   3.2   3.3e-26   87.2   3.2   1.0   1   0   0   1   1   1   1 Kunitz-type serine protease inhibitor tigerin-1 OS=Notechis scutatus scutatus OX=70142 PE=2 SV=1
sp|B5KL33|VKT2_TROCA      -          pdb_uppercase        -            2.9e-26   87.4   3.2   3.3e-26   87.2   3.2   1.0   1   0   0   1   1   1   1 Kunitz-type serine protease inhibitor carinatin-2 OS=Tropidechis carinatus OX=100989 PE=2 SV=1
sp|A6MGY1|VKT7_DEMVE      -          pdb_uppercase        -            2.9e-26   87.4   5.4   3.3e-26   87.2   5.4   1.0   1   0   0   1   1   1   1 Kunitz-type serine protease inhibitor vestiginin-7 OS=Demansia vestigiata OX=412038 PE=1 SV=1
sp|Q964Q0|IXOSP_IXOSC     -          pdb_uppercase        -            3.1e-26   87.3  13.4   5.1e-22   73.8   2.8   2.3   2   0   0   2   2   2   2 Ixolaris OS=Ixodes scapularis OX=6945 PE=1 SV=1
sp|B5KL38|VKT1_AUSSU      -          pdb_uppercase        -            3.2e-26   87.3   5.5   3.6e-26   87.1   5.5   1.0   1   0   0   1   1   1   1 Kunitz-type serine protease inhibitor superbin-1 OS=Austrelaps superbus OX=29156 PE=2 SV=1
sp|C1IC51|VKT3_WALAE      -          pdb_uppercase        -            3.6e-26   87.1   4.9   4.2e-26   86.9   4.9   1.1   1   0   0   1   1   1   1 Protease inhibitor 3 OS=Walterinnesia aegyptia OX=64182 PE=3 SV=1
sp|P00993|IBP_CARCR       -          pdb_uppercase        -            3.7e-26   87.1   5.0   3.7e-26   87.1   5.0   2.0   2   1   0   2   2   1   1 Chelonianin OS=Caretta caretta OX=8467 PE=1 SV=1
sp|A0A6B7FBD3|VKT2I_RADCR -          pdb_uppercase        -            3.8e-26   87.0   7.0   3.8e-26   87.0   7.0   1.9   1   1   2   3   3   1   1 PI-stichotoxin-Hcr2i OS=Radianthus crispa OX=3122430 GN=iq2c1 PE=1 SV=1
sp|P0DL86|VKT2H_RADCR     -          pdb_uppercase        -            3.8e-26   87.0   6.4     4e-26   87.0   6.4   1.0   1   0   0   1   1   1   1 PI-stichotoxin-Hcr2h OS=Radianthus crispa OX=3122430 PE=1 SV=1
sp|B2G331|VKT2B_RADCR     -          pdb_uppercase        -            4.5e-26   86.8   5.2   5.5e-26   86.5   5.2   1.1   1   0   0   1   1   1   1 TauPI-stichotoxin-Hcr2b OS=Radianthus crispa OX=3122430 PE=1 SV=1
sp|P81547|VKT1_ANTAF      -          pdb_uppercase        -            4.6e-26   86.8   7.3   5.2e-26   86.6   7.3   1.0   1   0   0   1   1   1   1 PI-actitoxin-Axm2a OS=Anthopleura aff. xanthogrammica OX=152178 PE=1 SV=1
sp|P0DKL8|VKT_VIPRE       -          pdb_uppercase        -            5.2e-26   86.6   8.0   5.7e-26   86.5   8.0   1.0   1   0   0   1   1   1   1 Kunitz-type serine protease inhibitor Vur-KIn OS=Vipera renardi OX=927686 PE=1 SV=1
sp|E7FL12|VKT2_PSERS      -          pdb_uppercase        -            5.3e-26   86.6   5.2     6e-26   86.4   5.2   1.0   1   0   0   1   1   1   1 Kunitz serine protease inhibitor Pr-mulgin 2 OS=Pseudechis rossignolii OX=1489342 PE=2 SV=1
sp|A6MFL1|VKT1_DEMVE      -          pdb_uppercase        -            5.8e-26   86.4   5.6   6.6e-26   86.3   5.6   1.0   1   0   0   1   1   1   1 Kunitz-type serine protease inhibitor vestiginin-1 OS=Demansia vestigiata OX=412038 PE=2 SV=1
sp|P0DN17|VKTD_ANEVI      -          pdb_uppercase        -            7.8e-26   86.0   7.1   9.7e-26   85.7   7.1   1.1   1   0   0   1   1   1   1 U-actitoxin-Avd3p OS=Anemonia viridis OX=51769 PE=3 SV=1
sp|C0HJU6|VKT2F_RADCR     -          pdb_uppercase        -            8.1e-26   86.0   5.0   8.5e-26   85.9   5.0   1.0   1   0   0   1   1   1   1 PI-stichotoxin-Hcr2f OS=Radianthus crispa OX=3122430 PE=1 SV=1
sp|C0HLA9|MAMB6_DENVI     -          pdb_uppercase        -            8.3e-26   86.0   7.7   8.8e-26   85.9   7.7   1.0   1   0   0   1   1   1   1 Mambaquaretin-6 OS=Dendroaspis viridis OX=8621 PE=1 SV=1
sp|B4ESA3|VKT2L_BUNMU     -          pdb_uppercase        -            8.5e-26   85.9   6.4   9.7e-26   85.7   6.4   1.0   1   0   0   1   1   1   1 Kunitz-type serine protease inhibitor PILP-2 OS=Bungarus multicinctus OX=8616 PE=3 SV=1
sp|E7FL13|VKT3_PSERS      -          pdb_uppercase        -            8.7e-26   85.9   6.7   9.9e-26   85.7   6.7   1.0   1   0   0   1   1   1   1 Kunitz serine protease inhibitor Pr-mulgin 3 OS=Pseudechis rossignolii OX=1489342 PE=2 SV=1
sp|B5KL31|VKT3_PSEPO      -          pdb_uppercase        -            8.9e-26   85.9   5.6     1e-25   85.7   5.6   1.0   1   0   0   1   1   1   1 Kunitz-type serine protease inhibitor blackelin-3 OS=Pseudechis porphyriacus OX=8671 PE=2 SV=1
sp|Q6ITB8|VKT4_PSEAU      -          pdb_uppercase        -            9.5e-26   85.8   5.7   1.1e-25   85.6   5.7   1.0   1   0   0   1   1   1   1 Kunitz-type serine protease inhibitor mulgin-4 OS=Pseudechis australis OX=8670 PE=2 SV=1
sp|Q5IS80|A4_PANTR        -          pdb_uppercase        -            1.1e-25   85.6   5.5     2e-25   84.7   5.5   1.4   1   0   0   1   1   1   1 Amyloid-beta precursor protein OS=Pan troglodytes OX=9598 GN=APP PE=2 SV=1
sp|A8Y7N6|VKTC3_DABSI     -          pdb_uppercase        -            1.4e-25   85.3   8.4   1.5e-25   85.1   8.4   1.0   1   0   0   1   1   1   1 Kunitz-type serine protease inhibitor C3 OS=Daboia siamensis OX=343250 PE=2 SV=1
sp|A8Y7N7|VKTC4_DABSI     -          pdb_uppercase        -            1.8e-25   84.9   8.1     2e-25   84.7   8.1   1.1   1   0   0   1   1   1   1 Kunitz-type serine protease inhibitor C4 OS=Daboia siamensis OX=343250 PE=2 SV=1
sp|P0DN20|VKTG_ANEVI      -          pdb_uppercase        -            2.1e-25   84.7   6.4   2.5e-25   84.4   6.4   1.1   1   0   0   1   1   1   1 U-actitoxin-Avd3s (Fragment) OS=Anemonia viridis OX=51769 PE=2 SV=1
sp|B2KTG1|VKT_BUNFA       -          pdb_uppercase        -            2.1e-25   84.7   7.4   2.5e-25   84.4   7.4   1.0   1   0   0   1   1   1   1 Kunitz-type serine protease inhibitor bungaruskunin OS=Bungarus fasciatus OX=8613 PE=1 SV=1
sp|P00976|IBPC_BOVIN      -          pdb_uppercase        -            2.2e-25   84.6   2.8   2.4e-25   84.5   2.8   1.0   1   0   0   1   1   1   1 Colostrum trypsin inhibitor OS=Bos taurus OX=9913 PE=1 SV=2
sp|P0DN14|VKTA_ANEVI      -          pdb_uppercase        -            2.6e-25   84.3   8.0   3.3e-25   84.0   8.0   1.1   1   0   0   1   1   1   1 U-actitoxin-Avd3m OS=Anemonia viridis OX=51769 PE=3 SV=1
sp|Q8AY41|VKTC_BUNCA      -          pdb_uppercase        -            3.4e-25   84.0   5.8   3.8e-25   83.8   5.8   1.0   1   0   0   1   1   1   1 Kunitz-type serine protease inhibitor C OS=Bungarus candidus OX=92438 PE=2 SV=2
sp|A6MFL2|VKT2_DEMVE      -          pdb_uppercase        -            3.9e-25   83.8   6.6   4.4e-25   83.6   6.6   1.0   1   0   0   1   1   1   1 Kunitz-type serine protease inhibitor vestiginin-2 OS=Demansia vestigiata OX=412038 PE=2 SV=1
sp|P0C5J5|WFKN1_RAT       -          pdb_uppercase        -            4.2e-25   83.7   2.5   9.8e-21   69.7   0.3   2.9   2   0   0   2   2   2   2 WAP, Kazal, immunoglobulin, Kunitz and NTR domain-containing protein 1 OS=Rattus norvegicus OX=10116 GN=Wfikkn1 PE=2 SV=1
sp|A5X2X1|VKT_SISCA       -          pdb_uppercase        -            5.2e-25   83.4   8.9   5.2e-25   83.4   8.9   1.7   2   0   0   2   2   1   1 Fused toxin protein OS=Sistrurus catenatus edwardsii OX=8762 PE=2 SV=1
sp|B5KL32|VKT3_NOTSC      -          pdb_uppercase        -            5.4e-25   83.4   7.5   6.1e-25   83.2   7.5   1.0   1   0   0   1   1   1   1 Kunitz-type serine protease inhibitor tigerin-3 OS=Notechis scutatus scutatus OX=70142 PE=2 SV=1
sp|Q8R0S6|WFKN1_MOUSE     -          pdb_uppercase        -            6.6e-25   83.1   3.7   8.3e-21   69.9   0.4   2.9   2   0   0   2   2   2   2 WAP, Kazal, immunoglobulin, Kunitz and NTR domain-containing protein 1 OS=Mus musculus OX=10090 GN=Wfikkn1 PE=2 SV=2
sp|B5KL41|VKT4_AUSSU      -          pdb_uppercase        -            6.7e-25   83.1   7.6   7.6e-25   82.9   7.6   1.0   1   0   0   1   1   1   1 Kunitz-type serine protease inhibitor superbin-4 OS=Austrelaps superbus OX=29156 PE=2 SV=1
sp|A8Y7N5|VKTC2_DABSI     -          pdb_uppercase        -            7.5e-25   82.9   6.4   8.6e-25   82.7   6.4   1.0   1   0   0   1   1   1   1 Kunitz-type serine protease inhibitor C2 OS=Daboia siamensis OX=343250 PE=2 SV=1
sp|Q6ITB2|VKT2_NOTSC      -          pdb_uppercase        -            9.2e-25   82.6   1.8     1e-24   82.4   1.8   1.0   1   0   0   1   1   1   1 Kunitz-type serine protease inhibitor tigerin-2 OS=Notechis scutatus scutatus OX=70142 PE=2 SV=1
sp|Q8AY43|VKTA_BUNCA      -          pdb_uppercase        -            1.2e-24   82.2   9.4   1.5e-24   82.0   9.4   1.1   1   0   0   1   1   1   1 Kunitz-type serine protease inhibitor A OS=Bungarus candidus OX=92438 PE=2 SV=2
sp|B1B5I8|VKT3_STIHA      -          pdb_uppercase        -            1.5e-24   81.9   5.9     2e-24   81.5   5.9   1.1   1   0   0   1   1   1   1 KappaPI-stichotoxin-Shd2a OS=Stichodactyla haddoni OX=475174 PE=1 SV=1
sp|P00990|VKT2_DABSI      -          pdb_uppercase        -            1.5e-24   81.9   8.7   1.6e-24   81.8   8.7   1.0   1   0   0   1   1   1   1 Kunitz-type serine protease inhibitor 2 OS=Daboia siamensis OX=343250 PE=1 SV=1
sp|Q06481|APLP2_HUMAN     -          pdb_uppercase        -            1.7e-24   81.8   3.2   1.7e-24   81.8   3.2   2.3   3   0   0   3   3   1   1 Amyloid beta precursor like protein 2 OS=Homo sapiens OX=9606 GN=APLP2 PE=1 SV=2
sp|P0DMJ3|VKTI1_ANTFU     -          pdb_uppercase        -            1.7e-24   81.7   7.6   1.8e-24   81.7   7.6   1.0   1   0   0   1   1   1   1 PI-actitoxin-Afv2a OS=Anthopleura fuscoviridis OX=6111 PE=1 SV=1
sp|P15943|APLP2_RAT       -          pdb_uppercase        -            1.7e-24   81.7   3.2   1.7e-24   81.7   3.2   1.9   2   0   0   2   2   1   1 Amyloid beta precursor like protein 2 OS=Rattus norvegicus OX=10116 GN=Aplp2 PE=1 SV=2
sp|A8Y7P4|VKTB4_DABSI     -          pdb_uppercase        -            2.1e-24   81.5   6.7   2.3e-24   81.3   6.7   1.0   1   0   0   1   1   1   1 Kunitz-type serine protease inhibitor B4 OS=Daboia siamensis OX=343250 PE=2 SV=1
sp|C8YJ94|KUN2_TABYA      -          pdb_uppercase        -            2.6e-24   81.2   9.7   2.9e-24   81.0   9.7   1.0   1   0   0   1   1   1   1 Tabkunin 2 OS=Tabanus yao OX=485572 PE=1 SV=1
sp|Q29428|TKDP1_SHEEP     -          pdb_uppercase        -            2.8e-24   81.1   5.8   4.6e-24   80.4   5.8   1.3   1   0   0   1   1   1   1 Trophoblast Kunitz domain protein 1 OS=Ovis aries OX=9940 GN=TKDP1 PE=2 SV=1
sp|I2G9B4|VKT_MACLN       -          pdb_uppercase        -            3.1e-24   80.9   9.8   3.6e-24   80.7   9.8   1.1   1   0   0   1   1   1   1 Kunitz-type serine protease inhibitor PIVL OS=Macrovipera lebetina transmediterranea OX=384075 PE=1 SV=1
sp|A8Y7N4|VKTC1_DABSI     -          pdb_uppercase        -            3.3e-24   80.8   9.5   3.9e-24   80.6   9.5   1.1   1   0   0   1   1   1   1 Kunitz-type serine protease inhibitor C1 OS=Daboia siamensis OX=343250 PE=2 SV=1
sp|A8Y7P6|VKTB6_DABSI     -          pdb_uppercase        -            3.8e-24   80.6   9.2   4.3e-24   80.5   9.2   1.0   1   0   0   1   1   1   1 Kunitz-type serine protease inhibitor B6 OS=Daboia siamensis OX=343250 PE=2 SV=1
sp|Q29100|UPTI_PIG        -          pdb_uppercase        -            5.2e-24   80.2   6.3   5.2e-24   80.2   6.3   1.4   2   0   0   2   2   1   1 Uterine plasmin/trypsin inhibitor OS=Sus scrofa OX=9823 PE=1 SV=1
sp|A8Y7P0|VKTB7_DABSI     -          pdb_uppercase        -            5.3e-24   80.2   8.9   6.1e-24   80.0   8.9   1.0   1   0   0   1   1   1   1 Kunitz-type serine protease inhibitor 7 OS=Daboia siamensis OX=343250 PE=2 SV=1
sp|Q2ES50|VKT1_DABRR      -          pdb_uppercase        -            5.3e-24   80.2   8.9   6.1e-24   80.0   8.9   1.0   1   0   0   1   1   1   1 Kunitz-type serine protease inhibitor 1 OS=Daboia russelii OX=8707 PE=2 SV=1
sp|B5KL29|VKT3_OXYSC      -          pdb_uppercase        -            5.9e-24   80.0   4.3   6.7e-24   79.9   4.3   1.0   1   0   0   1   1   1   1 Kunitz-type serine protease inhibitor scutellin-3 OS=Oxyuranus scutellatus scutellatus OX=8667 PE=2 SV=1
sp|Q90W96|VKT6_PSETT      -          pdb_uppercase        -            6.6e-24   79.9   5.2   7.5e-24   79.7   5.2   1.0   1   0   0   1   1   1   1 Kunitz-type serine protease inhibitor textilinin-6 OS=Pseudonaja textilis textilis OX=169397 PE=2 SV=1
sp|Q8AY42|VKTB_BUNCA      -          pdb_uppercase        -            6.9e-24   79.8   9.6   8.1e-24   79.6   9.6   1.1   1   0   0   1   1   1   1 Kunitz-type serine protease inhibitor B OS=Bungarus candidus OX=92438 PE=2 SV=2
sp|C1IBY4|KUN1_TABYA      -          pdb_uppercase        -            7.8e-24   79.6   9.4   8.7e-24   79.5   9.4   1.0   1   0   0   1   1   1   1 Tabkunin 1 OS=Tabanus yao OX=485572 PE=3 SV=1
sp|Q3UW55|WFC6A_MOUSE     -          pdb_uppercase        -            1.3e-23   78.9   0.4   3.3e-23   77.6   0.4   1.7   1   0   0   1   1   1   1 WAP four-disulfide core domain protein 6A OS=Mus musculus OX=10090 GN=Wfdc6a PE=2 SV=1
sp|F5GTK6|VKGUA_SIMGU     -          pdb_uppercase        -            2.9e-23   77.8   8.3   4.4e-23   77.2   8.3   1.3   1   0   0   1   1   1   1 Guianensin OS=Simulium guianense OX=445764 PE=1 SV=1
sp|B5KL28|VKT4_OXYMI      -          pdb_uppercase        -            4.2e-23   77.3   4.1   4.8e-23   77.1   4.1   1.0   1   0   0   1   1   1   1 Kunitz-type serine protease inhibitor microlepidin-4 OS=Oxyuranus microlepidotus OX=111177 PE=2 SV=1
sp|P0DJ46|VKT21_LYCMC     -          pdb_uppercase        -            5.7e-23   76.9   7.2   6.8e-23   76.6   7.2   1.1   1   0   0   1   1   1   1 Kunitz-type serine protease inhibitor LmKTT-1a OS=Lychas mucronatus OX=172552 PE=1 SV=1
sp|P15989|CO6A3_CHICK     -          pdb_uppercase        -            7.5e-23   76.5   3.8   1.9e-22   75.2   3.8   1.7   1   0   0   1   1   1   1 Collagen alpha-3(VI) chain OS=Gallus gallus OX=9031 GN=COL6A3 PE=2 SV=2
sp|P0DN15|VKTB_ANEVI      -          pdb_uppercase        -            7.8e-23   76.4  10.3   9.3e-23   76.2  10.3   1.1   1   0   0   1   1   1   1 U-actitoxin-Avd3n OS=Anemonia viridis OX=51769 PE=1 SV=1
sp|P82966|VKTCI_OPHHA     -          pdb_uppercase        -              8e-23   76.4   5.7     9e-23   76.2   5.7   1.0   1   0   0   1   1   1   1 Kunitz-type serine protease inhibitor OS=Ophiophagus hannah OX=8665 PE=1 SV=2
sp|B2KTG3|VKTH2_BUNFA     -          pdb_uppercase        -            1.3e-22   75.7   9.5   1.5e-22   75.5   9.5   1.0   1   0   0   1   1   1   1 Kunitz-type serine protease inhibitor homolog beta-bungarotoxin BF B2 chain OS=Bungarus fasciatus OX=8613 PE=2 SV=1
sp|Q90W97|VKT5_PSETT      -          pdb_uppercase        -            1.6e-22   75.4   4.9   1.8e-22   75.2   4.9   1.0   1   0   0   1   1   1   1 Kunitz-type serine protease inhibitor textilinin-5 OS=Pseudonaja textilis textilis OX=169397 PE=2 SV=1
sp|O95925|EPPI_HUMAN      -          pdb_uppercase        -            1.9e-22   75.2   7.3   5.2e-22   73.8   7.3   1.8   1   0   0   1   1   1   1 Eppin OS=Homo sapiens OX=9606 GN=EPPIN PE=1 SV=1
sp|P82968|MCPI_MELCP      -          pdb_uppercase        -            2.4e-22   74.9   8.5   2.4e-22   74.9   8.5   2.4   3   0   0   3   3   1   1 Four-domain proteases inhibitor OS=Melithaea caledonica OX=156534 PE=1 SV=1
sp|P0DJ45|VKT22_LYCMC     -          pdb_uppercase        -            2.7e-22   74.7   7.9   3.2e-22   74.5   7.9   1.1   1   0   0   1   1   1   1 Kunitz-type serine protease inhibitor LmKTT-1b OS=Lychas mucronatus OX=172552 PE=2 SV=1
sp|D2Y489|VKT1B_CONCL     -          pdb_uppercase        -            6.2e-22   73.5   4.6   6.7e-22   73.4   4.6   1.0   1   0   0   1   1   1   1 Kunitz-type serine protease inhibitor conotoxin Cal9.1b (Fragment) OS=Californiconus californicus OX=1736779 PE=2 SV=1
sp|P19859|VKTCI_NAJNA     -          pdb_uppercase        -            6.7e-22   73.4   9.5   7.1e-22   73.4   9.5   1.0   1   0   0   1   1   1   1 Kunitz-type serine protease inhibitor OS=Naja naja OX=35670 PE=1 SV=1
sp|P0DJ48|VKT23_LYCMC     -          pdb_uppercase        -            7.4e-22   73.3   8.3   8.1e-22   73.2   8.3   1.0   1   0   0   1   1   1   1 Kunitz-type serine protease inhibitor LmKTT-1c OS=Lychas mucronatus OX=172552 PE=2 SV=1
sp|D2Y491|VKT1D_CONCL     -          pdb_uppercase        -            7.8e-22   73.2   4.9   8.3e-22   73.1   4.9   1.0   1   0   0   1   1   1   1 Kunitz-type serine protease inhibitor conotoxin Cal9.1d (Fragment) OS=Californiconus californicus OX=1736779 PE=2 SV=1
sp|Q29143|ELAC_TRIVU      -          pdb_uppercase        -            8.3e-22   73.1   3.2   1.2e-21   72.7   3.2   1.2   1   0   0   1   1   1   1 Early lactation protein OS=Trichosurus vulpecula OX=9337 GN=ELP PE=1 SV=1
sp|Q4KUS1|WFDC8_MOUSE     -          pdb_uppercase        -            1.1e-21   72.8   5.0   1.1e-21   72.8   5.0   2.7   2   0   0   2   2   1   1 WAP four-disulfide core domain protein 8 OS=Mus musculus OX=10090 GN=Wfdc8 PE=2 SV=1
sp|P00983|MAMB7_DENPO     -          pdb_uppercase        -            2.1e-21   71.8   6.7   2.2e-21   71.8   6.7   1.0   1   0   0   1   1   1   1 Mambaquaretin-7 OS=Dendroaspis polylepis polylepis OX=8620 PE=1 SV=1
sp|D2Y488|VKT1A_CONCL     -          pdb_uppercase        -            2.5e-21   71.6   4.6   2.9e-21   71.4   4.6   1.1   1   0   0   1   1   1   1 Kunitz-type serine protease inhibitor conotoxin Cal9.1a OS=Californiconus californicus OX=1736779 PE=3 SV=1
sp|B5L5Q6|VKT5_OXYMI      -          pdb_uppercase        -            6.9e-21   70.2   2.0   7.8e-21   70.0   2.0   1.0   1   0   0   1   1   1   1 Kunitz-type serine protease inhibitor microlepidin-5 OS=Oxyuranus microlepidotus OX=111177 PE=3 SV=1
sp|P0CY85|VKTB1_CONBU     -          pdb_uppercase        -            7.7e-21   70.0   5.0   9.5e-21   69.7   5.0   1.1   1   0   0   1   1   1   1 Kunitz-type conkunitzin-B1 OS=Conus bullatus OX=89438 PE=3 SV=1
sp|H2A0N5|KCP3_PINMG      -          pdb_uppercase        -            9.7e-21   69.7  27.0   6.3e-11   38.3  10.3   2.2   1   1   1   2   2   2   2 BPTI/Kunitz domain-containing protein 3 OS=Margaritifera margaritifera OX=102329 PE=1 SV=1
sp|Q1RPS9|VKTH5_BUNMU     -          pdb_uppercase        -            1.1e-20   69.6  10.9   1.3e-20   69.3  10.9   1.1   1   0   0   1   1   1   1 Kunitz-type serine protease inhibitor homolog beta-bungarotoxin B5 chain OS=Bungarus multicinctus OX=8616 PE=3 SV=1
sp|P68425|VKT1A_CYRSC     -          pdb_uppercase        -            1.3e-20   69.3   8.0   1.5e-20   69.1   8.0   1.1   1   0   0   1   1   1   1 Kunitz-type kappaPI-theraphotoxin-Hs1a OS=Cyriopagopus schmidti OX=29017 PE=1 SV=2
sp|P0DJ47|VKT12_OLIMR     -          pdb_uppercase        -            1.8e-20   68.8  11.4   2.2e-20   68.6  11.4   1.0   1   0   0   1   1   1   1 Kunitz-type serine protease inhibitor BmKTT-3 OS=Olivierus martensii OX=34649 PE=2 SV=1
sp|B2ZBB6|VKT11_CYRSC     -          pdb_uppercase        -              2e-20   68.7   8.3   2.4e-20   68.5   8.3   1.1   1   0   0   1   1   1   1 Kunitz-type kappaPI-theraphotoxin-Hs1b OS=Cyriopagopus schmidti OX=29017 PE=3 SV=1
sp|P0DJ76|VKT4_CYRSC      -          pdb_uppercase        -            2.6e-20   68.4   8.1   3.4e-20   68.0   8.1   1.1   1   0   0   1   1   1   1 Kunitz-type kappaPI-theraphotoxin-Hs1e OS=Cyriopagopus schmidti OX=29017 PE=3 SV=1
sp|Q1RPS8|VKTH6_BUNMU     -          pdb_uppercase        -            2.7e-20   68.3  10.1   3.2e-20   68.1  10.1   1.1   1   0   0   1   1   1   1 Kunitz-type serine protease inhibitor homolog beta-bungarotoxin B6 chain OS=Bungarus multicinctus OX=8616 PE=3 SV=1
sp|P10831|ISC1_BOMMO      -          pdb_uppercase        -            3.3e-20   68.0   7.8   3.6e-20   67.9   7.8   1.1   1   0   0   1   1   1   1 Chymotrypsin inhibitor SCI-I OS=Bombyx mori OX=7091 PE=1 SV=1
sp|Q8T0W4|VKT2_PIMHY      -          pdb_uppercase        -            4.7e-20   67.5   3.1     6e-20   67.2   3.1   1.2   1   0   0   1   1   1   1 Kunitz-type serine protease inhibitor cvp2 OS=Pimpla hypochondriaca OX=135724 PE=1 SV=1
sp|O95428|PPN_HUMAN       -          pdb_uppercase        -            5.4e-20   67.3   4.4   2.5e-19   65.2   4.4   2.2   1   0   0   1   1   1   1 Papilin OS=Homo sapiens OX=9606 GN=PAPLN PE=1 SV=4
sp|P0DJ84|VKT40_CYRSC     -          pdb_uppercase        -            2.4e-19   65.3   6.4   2.8e-19   65.0   6.4   1.1   1   0   0   1   1   1   1 Kunitz-type kappaPI-theraphotoxin-Hs1d OS=Cyriopagopus schmidti OX=29017 PE=3 SV=1
sp|P0DMJ1|VKT39_CYRSC     -          pdb_uppercase        -            2.7e-19   65.1   4.4   3.3e-19   64.8   4.4   1.1   1   0   0   1   1   1   1 Kunitz-type U15-theraphotoxin-Hs1g OS=Cyriopagopus schmidti OX=29017 PE=3 SV=1
sp|D2Y2Q8|VKTQ1_CYRHA     -          pdb_uppercase        -            3.4e-19   64.8   6.1   4.1e-19   64.5   6.1   1.1   1   0   0   1   1   1   1 Kunitz-type U15-theraphotoxin-Hhn1q OS=Cyriopagopus hainanus OX=209901 PE=3 SV=1
sp|B5L5Q3|IVBS5_OXYSC     -          pdb_uppercase        -            3.5e-19   64.7   1.4     4e-19   64.5   1.4   1.0   1   0   0   1   1   1   1 Scutellin-5 OS=Oxyuranus scutellatus scutellatus OX=8667 PE=3 SV=1
sp|P0DJ82|VKT27_CYRSC     -          pdb_uppercase        -            7.8e-19   63.6   9.9   9.4e-19   63.4   9.9   1.1   1   0   0   1   1   1   1 Kunitz-type kappaPI-theraphotoxin-Hs1c OS=Cyriopagopus schmidti OX=29017 PE=3 SV=1
sp|D2Y2Q5|VKTN1_CYRHA     -          pdb_uppercase        -            1.5e-18   62.7   6.4   1.8e-18   62.5   6.4   1.1   1   0   0   1   1   1   1 Kunitz-type U15-theraphotoxin-Hhn1n OS=Cyriopagopus hainanus OX=209901 PE=3 SV=1
sp|B2ZBC0|VKTG9_CYRSC     -          pdb_uppercase        -              2e-18   62.3   3.0   2.5e-18   62.0   3.0   1.1   1   0   0   1   1   1   1 Kunitz-type U15-theraphotoxin-Hs1c OS=Cyriopagopus schmidti OX=29017 PE=3 SV=1
sp|P00987|VKTH1_BUNMU     -          pdb_uppercase        -            2.5e-18   62.0   8.5   2.9e-18   61.8   8.5   1.1   1   0   0   1   1   1   1 Kunitz-type serine protease inhibitor homolog beta-bungarotoxin B1 chain, major component OS=Bungarus multicinctus OX=8616 PE=1 SV=2
sp|C0HLB0|MAMB9_DENVI     -          pdb_uppercase        -            3.7e-18   61.5   9.3   3.9e-18   61.4   9.3   1.0   1   0   0   1   1   1   1 Mambaquaretin-9 OS=Dendroaspis viridis OX=8621 PE=1 SV=1
sp|B4ESA2|VKT1L_BUNMU     -          pdb_uppercase        -              6e-18   60.8   6.0   6.7e-18   60.6   6.0   1.0   1   0   0   1   1   1   1 Kunitz-type serine protease inhibitor PILP-1 OS=Bungarus multicinctus OX=8616 PE=3 SV=1
sp|D2Y2Q6|VKTO1_CYRHA     -          pdb_uppercase        -            6.2e-18   60.7   4.5   7.4e-18   60.5   4.5   1.1   1   0   0   1   1   1   1 Kunitz-type U15-theraphotoxin-Hhn1o OS=Cyriopagopus hainanus OX=209901 PE=3 SV=1
sp|P0DJ85|VKT45_CYRSC     -          pdb_uppercase        -            7.1e-18   60.6   2.0   8.6e-18   60.3   2.0   1.1   1   0   0   1   1   1   1 Kunitz-type U15-theraphotoxin-Hs1f OS=Cyriopagopus schmidti OX=29017 PE=3 SV=1
sp|P0DJ79|VKT13_CYRSC     -          pdb_uppercase        -            7.4e-18   60.5   3.3     9e-18   60.2   3.3   1.1   1   0   0   1   1   1   1 Kunitz-type U15-theraphotoxin-Hs1d OS=Cyriopagopus schmidti OX=29017 PE=3 SV=1
sp|B2ZBB8|VKT33_CYRSC     -          pdb_uppercase        -            7.9e-18   60.4   3.4   9.7e-18   60.1   3.4   1.1   1   0   0   1   1   1   1 Kunitz-type U15-theraphotoxin-Hs1a OS=Cyriopagopus schmidti OX=29017 PE=3 SV=1
sp|Q02388|CO7A1_HUMAN     -          pdb_uppercase        -            7.9e-18   60.4   1.4   1.3e-17   59.7   1.4   1.3   1   0   0   1   1   1   1 Collagen alpha-1(VII) chain OS=Homo sapiens OX=9606 GN=COL7A1 PE=1 SV=2
sp|D2Y2C2|VKTA1_CYRHA     -          pdb_uppercase        -            1.5e-17   59.6   3.7   1.8e-17   59.3   3.7   1.1   1   0   0   1   1   1   1 Kunitz-type U15-theraphotoxin-Hhn1a OS=Cyriopagopus hainanus OX=209901 PE=3 SV=1
sp|P0DJ70|VKT53_CYRHA     -          pdb_uppercase        -            1.5e-17   59.6   3.7   1.8e-17   59.3   3.7   1.1   1   0   0   1   1   1   1 Kunitz-type U15-theraphotoxin-Hhn1a OS=Cyriopagopus hainanus OX=209901 PE=3 SV=1
sp|D2Y2F4|VKTC1_CYRHA     -          pdb_uppercase        -            1.7e-17   59.3   3.5   2.1e-17   59.0   3.5   1.1   1   0   0   1   1   1   1 Kunitz-type U15-theraphotoxin-Hhn1c OS=Cyriopagopus hainanus OX=209901 PE=3 SV=1
sp|P0DJ67|VKT34_CYRHA     -          pdb_uppercase        -            1.7e-17   59.3   3.5   2.1e-17   59.0   3.5   1.1   1   0   0   1   1   1   1 Kunitz-type U15-theraphotoxin-Hhn1c OS=Cyriopagopus hainanus OX=209901 PE=3 SV=1
sp|D2Y2F8|VKTG1_CYRHA     -          pdb_uppercase        -            1.8e-17   59.2   3.7   2.2e-17   59.0   3.7   1.1   1   0   0   1   1   1   1 Kunitz-type U15-theraphotoxin-Hhn1g OS=Cyriopagopus hainanus OX=209901 PE=3 SV=1
sp|D2Y2F6|VKTE1_CYRHA     -          pdb_uppercase        -            1.9e-17   59.2   3.9   2.3e-17   58.9   3.9   1.1   1   0   0   1   1   1   1 Kunitz-type U15-theraphotoxin-Hhn1e OS=Cyriopagopus hainanus OX=209901 PE=3 SV=1
sp|Q63870|CO7A1_MOUSE     -          pdb_uppercase        -              2e-17   59.1   1.5     4e-17   58.2   1.5   1.4   1   0   0   1   1   1   1 Collagen alpha-1(VII) chain OS=Mus musculus OX=10090 GN=Col7a1 PE=1 SV=3
sp|P0DJ71|VKT35_CYRHA     -          pdb_uppercase        -            2.4e-17   58.8   4.8     3e-17   58.6   4.8   1.1   1   0   0   1   1   1   1 Kunitz-type U15-theraphotoxin-Hhn1d OS=Cyriopagopus hainanus OX=209901 PE=3 SV=1
sp|P0DJ69|VKT52_CYRHA     -          pdb_uppercase        -            2.4e-17   58.8   4.9   3.1e-17   58.5   4.9   1.1   1   0   0   1   1   1   1 Kunitz-type serine protease inhibitor HNTX-852 (Fragment) OS=Cyriopagopus hainanus OX=209901 PE=2 SV=1
sp|B2ZBB9|VKTG6_CYRSC     -          pdb_uppercase        -              3e-17   58.5   4.5   3.7e-17   58.2   4.5   1.1   1   0   0   1   1   1   1 Kunitz-type U15-theraphotoxin-Hs1b OS=Cyriopagopus schmidti OX=29017 PE=3 SV=1
sp|P0DJ64|VKT31_CYRHA     -          pdb_uppercase        -            6.7e-17   57.4   3.5   8.2e-17   57.1   3.5   1.1   1   0   0   1   1   1   1 U15-Kunitz-type theraphotoxin-Hhn1b OS=Cyriopagopus hainanus OX=209901 PE=3 SV=1
sp|D2Y2F7|VKTF1_CYRHA     -          pdb_uppercase        -            9.3e-17   57.0   5.0   1.2e-16   56.6   5.0   1.1   1   0   0   1   1   1   1 Kunitz-type U15-theraphotoxin-Hhn1f OS=Cyriopagopus hainanus OX=209901 PE=3 SV=1
sp|P0DJ73|VKT74_CYRHA     -          pdb_uppercase        -            9.3e-17   57.0   5.0   1.2e-16   56.6   5.0   1.1   1   0   0   1   1   1   1 Kunitz-type U15-theraphotoxin-Hhn1f OS=Cyriopagopus hainanus OX=209901 PE=3 SV=1
sp|D2Y2F9|VKTH1_CYRHA     -          pdb_uppercase        -            1.7e-16   56.1   4.1   2.1e-16   55.9   4.1   1.1   1   0   0   1   1   1   1 Kunitz-type U15-theraphotoxin-Hhn1h OS=Cyriopagopus hainanus OX=209901 PE=3 SV=1
sp|P0DJ81|VKT24_CYRSC     -          pdb_uppercase        -            1.1e-15   53.6   1.9   1.3e-15   53.3   1.9   1.1   1   0   0   1   1   1   1 Kunitz-type U15-theraphotoxin-Hs1e OS=Cyriopagopus schmidti OX=29017 PE=3 SV=1
sp|D2Y2G0|VKTI1_CYRHA     -          pdb_uppercase        -            2.5e-15   52.4   3.9   3.1e-15   52.1   3.9   1.1   1   0   0   1   1   1   1 Kunitz-type U15-theraphotoxin-Hhn1i OS=Cyriopagopus hainanus OX=209901 PE=3 SV=1
sp|C0LNR2|VKT_VESBI       -          pdb_uppercase        -            3.8e-15   51.8   2.8   4.8e-15   51.5   2.8   1.1   1   0   0   1   1   1   1 Kunitz-type serine protease inhibitor bicolin OS=Vespa bicolor OX=619325 PE=1 SV=1
sp|I6VXS1|KUN2_RHIHE      -          pdb_uppercase        -            2.3e-14   49.3   8.8   2.3e-14   49.3   8.8   2.6   3   0   0   3   3   2   1 Anticoagulant protein rhipilin-2 OS=Rhipicephalus haemaphysaloides OX=237073 PE=2 SV=1
sp|Q8IUA0|WFDC8_HUMAN     -          pdb_uppercase        -            2.9e-14   49.0   7.9   2.9e-14   49.0   7.9   2.5   4   0   0   4   4   1   1 WAP four-disulfide core domain protein 8 OS=Homo sapiens OX=9606 GN=WFDC8 PE=1 SV=2
sp|Q2ES49|VKT2_DABRR      -          pdb_uppercase        -            5.7e-13   44.9   6.3   6.9e-13   44.6   6.3   1.1   1   0   0   1   1   1   1 Kunitz-type serine protease inhibitor 2 OS=Daboia russelii OX=8707 PE=2 SV=1
sp|Q09JW6|KUNI_ARGMO      -          pdb_uppercase        -            6.8e-13   44.6  13.0   6.5e-11   38.3   4.1   3.1   3   0   0   3   3   3   2 Monobin OS=Argas monolakensis OX=34602 GN=AM-28 PE=1 SV=1
sp|P0CAR0|VKTG1_MICPY     -          pdb_uppercase        -            8.1e-12   41.2   1.1   8.2e-12   41.1   1.1   1.0   1   0   0   1   1   1   1 Kunitz-type serine protease inhibitor G1 (Fragment) OS=Micrurus pyrrhocryptus OX=129468 PE=1 SV=1
sp|P26226|HTIA_MANSE      -          pdb_uppercase        -            1.3e-11   40.5   2.8   1.8e-11   40.0   2.8   1.2   1   0   0   1   1   1   1 Hemolymph trypsin inhibitor A (Fragment) OS=Manduca sexta OX=7130 PE=1 SV=1
sp|P0CH75|VKT25_CYRHA     -          pdb_uppercase        -            1.1e-10   37.5   1.0   1.3e-10   37.3   1.0   1.1   1   0   0   1   1   1   1 Kunitz-type serine protease inhibitor hainantoxin F7-25.66 (Fragment) OS=Cyriopagopus hainanus OX=209901 PE=1 SV=1
sp|A0A1Q1NL17|HA11_HYAAI  -          pdb_uppercase        -            0.00043   16.4   5.7    0.0012   15.0   5.7   1.6   1   1   0   1   1   1   1 Kunitz-type anticoagulant protein HA11 OS=Hyalomma asiaticum OX=266040 GN=HA11 PE=2 SV=1
sp|D3GGZ8|BLI5_HAECO      -          pdb_uppercase        -              0.011   11.9   0.3     0.011   11.9   0.3   2.1   2   0   0   2   2   1   0 Kunitz-type protein bli-5 OS=Haemonchus contortus OX=6289 GN=bli-5 PE=3 SV=1
#
# Program:         hmmsearch
# Version:         3.3.2 (Nov 2020)
# Pipeline mode:   SEARCH
# Query file:      pdb_kunitz_nr.hmm
# Target file:     p_1.fasta
# Option settings: hmmsearch --tblout p_1.out --max -Z 1000 pdb_kunitz_nr.hmm p_1.fasta 
# Current dir:     /home/teresagianni/lab/Progetto
# Date:            Tue May 13 18:37:55 2025
# [ok]
